ERROR - 2023-05-07 23:08:22 --> mysqli_sql_exception: Unknown column 'NarutoAPI.deleted_at' in 'where clause' in /var/www/narutoapi/vendor/codeigniter4/framework/system/Database/MySQLi/Connection.php:295
Stack trace:
#0 /var/www/narutoapi/vendor/codeigniter4/framework/system/Database/MySQLi/Connection.php(295): mysqli->query()
#1 /var/www/narutoapi/vendor/codeigniter4/framework/system/Database/BaseConnection.php(692): CodeIgniter\Database\MySQLi\Connection->execute()
#2 /var/www/narutoapi/vendor/codeigniter4/framework/system/Database/BaseConnection.php(606): CodeIgniter\Database\BaseConnection->simpleQuery()
#3 /var/www/narutoapi/vendor/codeigniter4/framework/system/Database/BaseBuilder.php(1616): CodeIgniter\Database\BaseConnection->query()
#4 /var/www/narutoapi/vendor/codeigniter4/framework/system/Model.php(241): CodeIgniter\Database\BaseBuilder->get()
#5 /var/www/narutoapi/vendor/codeigniter4/framework/system/BaseModel.php(618): CodeIgniter\Model->doFindAll()
#6 /var/www/narutoapi/app/Controllers/NarutoController.php(12): CodeIgniter\BaseModel->findAll()
#7 /var/www/narutoapi/vendor/codeigniter4/framework/system/CodeIgniter.php(934): App\Controllers\NarutoController->index()
#8 /var/www/narutoapi/vendor/codeigniter4/framework/system/CodeIgniter.php(499): CodeIgniter\CodeIgniter->runController()
#9 /var/www/narutoapi/vendor/codeigniter4/framework/system/CodeIgniter.php(368): CodeIgniter\CodeIgniter->handleRequest()
#10 /var/www/narutoapi/public/index.php(67): CodeIgniter\CodeIgniter->run()
#11 {main}
CRITICAL - 2023-05-07 23:08:22 --> Call to a member function getResult() on bool
in SYSTEMPATH/Model.php on line 242.
 1 SYSTEMPATH/BaseModel.php(618): CodeIgniter\Model->doFindAll()
 2 APPPATH/Controllers/NarutoController.php(12): CodeIgniter\BaseModel->findAll()
 3 SYSTEMPATH/CodeIgniter.php(934): App\Controllers\NarutoController->index()
 4 SYSTEMPATH/CodeIgniter.php(499): CodeIgniter\CodeIgniter->runController()
 5 SYSTEMPATH/CodeIgniter.php(368): CodeIgniter\CodeIgniter->handleRequest()
 6 FCPATH/index.php(67): CodeIgniter\CodeIgniter->run()
ERROR - 2023-05-07 23:08:37 --> mysqli_sql_exception: Unknown column 'NarutoAPI.deleted_at' in 'where clause' in /var/www/narutoapi/vendor/codeigniter4/framework/system/Database/MySQLi/Connection.php:295
Stack trace:
#0 /var/www/narutoapi/vendor/codeigniter4/framework/system/Database/MySQLi/Connection.php(295): mysqli->query()
#1 /var/www/narutoapi/vendor/codeigniter4/framework/system/Database/BaseConnection.php(692): CodeIgniter\Database\MySQLi\Connection->execute()
#2 /var/www/narutoapi/vendor/codeigniter4/framework/system/Database/BaseConnection.php(606): CodeIgniter\Database\BaseConnection->simpleQuery()
#3 /var/www/narutoapi/vendor/codeigniter4/framework/system/Database/BaseBuilder.php(1616): CodeIgniter\Database\BaseConnection->query()
#4 /var/www/narutoapi/vendor/codeigniter4/framework/system/Model.php(241): CodeIgniter\Database\BaseBuilder->get()
#5 /var/www/narutoapi/vendor/codeigniter4/framework/system/BaseModel.php(618): CodeIgniter\Model->doFindAll()
#6 /var/www/narutoapi/app/Controllers/NarutoController.php(12): CodeIgniter\BaseModel->findAll()
#7 /var/www/narutoapi/vendor/codeigniter4/framework/system/CodeIgniter.php(934): App\Controllers\NarutoController->index()
#8 /var/www/narutoapi/vendor/codeigniter4/framework/system/CodeIgniter.php(499): CodeIgniter\CodeIgniter->runController()
#9 /var/www/narutoapi/vendor/codeigniter4/framework/system/CodeIgniter.php(368): CodeIgniter\CodeIgniter->handleRequest()
#10 /var/www/narutoapi/public/index.php(67): CodeIgniter\CodeIgniter->run()
#11 {main}
CRITICAL - 2023-05-07 23:08:37 --> Call to a member function getResult() on bool
in SYSTEMPATH/Model.php on line 242.
 1 SYSTEMPATH/BaseModel.php(618): CodeIgniter\Model->doFindAll()
 2 APPPATH/Controllers/NarutoController.php(12): CodeIgniter\BaseModel->findAll()
 3 SYSTEMPATH/CodeIgniter.php(934): App\Controllers\NarutoController->index()
 4 SYSTEMPATH/CodeIgniter.php(499): CodeIgniter\CodeIgniter->runController()
 5 SYSTEMPATH/CodeIgniter.php(368): CodeIgniter\CodeIgniter->handleRequest()
 6 FCPATH/index.php(67): CodeIgniter\CodeIgniter->run()
ERROR - 2023-05-07 23:10:05 --> mysqli_sql_exception: Unknown column 'NarutoAPI.deleted_at' in 'where clause' in /var/www/narutoapi/vendor/codeigniter4/framework/system/Database/MySQLi/Connection.php:295
Stack trace:
#0 /var/www/narutoapi/vendor/codeigniter4/framework/system/Database/MySQLi/Connection.php(295): mysqli->query()
#1 /var/www/narutoapi/vendor/codeigniter4/framework/system/Database/BaseConnection.php(692): CodeIgniter\Database\MySQLi\Connection->execute()
#2 /var/www/narutoapi/vendor/codeigniter4/framework/system/Database/BaseConnection.php(606): CodeIgniter\Database\BaseConnection->simpleQuery()
#3 /var/www/narutoapi/vendor/codeigniter4/framework/system/Database/BaseBuilder.php(1616): CodeIgniter\Database\BaseConnection->query()
#4 /var/www/narutoapi/vendor/codeigniter4/framework/system/Model.php(241): CodeIgniter\Database\BaseBuilder->get()
#5 /var/www/narutoapi/vendor/codeigniter4/framework/system/BaseModel.php(618): CodeIgniter\Model->doFindAll()
#6 /var/www/narutoapi/app/Controllers/NarutoController.php(14): CodeIgniter\BaseModel->findAll()
#7 /var/www/narutoapi/vendor/codeigniter4/framework/system/CodeIgniter.php(934): App\Controllers\NarutoController->index()
#8 /var/www/narutoapi/vendor/codeigniter4/framework/system/CodeIgniter.php(499): CodeIgniter\CodeIgniter->runController()
#9 /var/www/narutoapi/vendor/codeigniter4/framework/system/CodeIgniter.php(368): CodeIgniter\CodeIgniter->handleRequest()
#10 /var/www/narutoapi/public/index.php(67): CodeIgniter\CodeIgniter->run()
#11 {main}
CRITICAL - 2023-05-07 23:10:05 --> Call to a member function getResult() on bool
in SYSTEMPATH/Model.php on line 242.
 1 SYSTEMPATH/BaseModel.php(618): CodeIgniter\Model->doFindAll()
 2 APPPATH/Controllers/NarutoController.php(14): CodeIgniter\BaseModel->findAll()
 3 SYSTEMPATH/CodeIgniter.php(934): App\Controllers\NarutoController->index()
 4 SYSTEMPATH/CodeIgniter.php(499): CodeIgniter\CodeIgniter->runController()
 5 SYSTEMPATH/CodeIgniter.php(368): CodeIgniter\CodeIgniter->handleRequest()
 6 FCPATH/index.php(67): CodeIgniter\CodeIgniter->run()
ERROR - 2023-05-07 23:10:25 --> mysqli_sql_exception: Unknown column 'NarutoAPI.deleted_at' in 'where clause' in /var/www/narutoapi/vendor/codeigniter4/framework/system/Database/MySQLi/Connection.php:295
Stack trace:
#0 /var/www/narutoapi/vendor/codeigniter4/framework/system/Database/MySQLi/Connection.php(295): mysqli->query()
#1 /var/www/narutoapi/vendor/codeigniter4/framework/system/Database/BaseConnection.php(692): CodeIgniter\Database\MySQLi\Connection->execute()
#2 /var/www/narutoapi/vendor/codeigniter4/framework/system/Database/BaseConnection.php(606): CodeIgniter\Database\BaseConnection->simpleQuery()
#3 /var/www/narutoapi/vendor/codeigniter4/framework/system/Database/BaseBuilder.php(1616): CodeIgniter\Database\BaseConnection->query()
#4 /var/www/narutoapi/vendor/codeigniter4/framework/system/Model.php(241): CodeIgniter\Database\BaseBuilder->get()
#5 /var/www/narutoapi/vendor/codeigniter4/framework/system/BaseModel.php(618): CodeIgniter\Model->doFindAll()
#6 /var/www/narutoapi/app/Controllers/NarutoController.php(14): CodeIgniter\BaseModel->findAll()
#7 /var/www/narutoapi/vendor/codeigniter4/framework/system/CodeIgniter.php(934): App\Controllers\NarutoController->index()
#8 /var/www/narutoapi/vendor/codeigniter4/framework/system/CodeIgniter.php(499): CodeIgniter\CodeIgniter->runController()
#9 /var/www/narutoapi/vendor/codeigniter4/framework/system/CodeIgniter.php(368): CodeIgniter\CodeIgniter->handleRequest()
#10 /var/www/narutoapi/public/index.php(67): CodeIgniter\CodeIgniter->run()
#11 {main}
CRITICAL - 2023-05-07 23:10:25 --> Call to a member function getResult() on bool
in SYSTEMPATH/Model.php on line 242.
 1 SYSTEMPATH/BaseModel.php(618): CodeIgniter\Model->doFindAll()
 2 APPPATH/Controllers/NarutoController.php(14): CodeIgniter\BaseModel->findAll()
 3 SYSTEMPATH/CodeIgniter.php(934): App\Controllers\NarutoController->index()
 4 SYSTEMPATH/CodeIgniter.php(499): CodeIgniter\CodeIgniter->runController()
 5 SYSTEMPATH/CodeIgniter.php(368): CodeIgniter\CodeIgniter->handleRequest()
 6 FCPATH/index.php(67): CodeIgniter\CodeIgniter->run()
ERROR - 2023-05-07 23:14:12 --> mysqli_sql_exception: Unknown column 'NarutoAPI.deleted_at' in 'where clause' in /var/www/narutoapi/vendor/codeigniter4/framework/system/Database/MySQLi/Connection.php:295
Stack trace:
#0 /var/www/narutoapi/vendor/codeigniter4/framework/system/Database/MySQLi/Connection.php(295): mysqli->query()
#1 /var/www/narutoapi/vendor/codeigniter4/framework/system/Database/BaseConnection.php(692): CodeIgniter\Database\MySQLi\Connection->execute()
#2 /var/www/narutoapi/vendor/codeigniter4/framework/system/Database/BaseConnection.php(606): CodeIgniter\Database\BaseConnection->simpleQuery()
#3 /var/www/narutoapi/vendor/codeigniter4/framework/system/Database/BaseBuilder.php(1616): CodeIgniter\Database\BaseConnection->query()
#4 /var/www/narutoapi/vendor/codeigniter4/framework/system/Model.php(241): CodeIgniter\Database\BaseBuilder->get()
#5 /var/www/narutoapi/vendor/codeigniter4/framework/system/BaseModel.php(618): CodeIgniter\Model->doFindAll()
#6 /var/www/narutoapi/app/Controllers/NarutoController.php(14): CodeIgniter\BaseModel->findAll()
#7 /var/www/narutoapi/vendor/codeigniter4/framework/system/CodeIgniter.php(934): App\Controllers\NarutoController->index()
#8 /var/www/narutoapi/vendor/codeigniter4/framework/system/CodeIgniter.php(499): CodeIgniter\CodeIgniter->runController()
#9 /var/www/narutoapi/vendor/codeigniter4/framework/system/CodeIgniter.php(368): CodeIgniter\CodeIgniter->handleRequest()
#10 /var/www/narutoapi/public/index.php(67): CodeIgniter\CodeIgniter->run()
#11 {main}
CRITICAL - 2023-05-07 23:14:12 --> Call to a member function getResult() on bool
in SYSTEMPATH/Model.php on line 242.
 1 SYSTEMPATH/BaseModel.php(618): CodeIgniter\Model->doFindAll()
 2 APPPATH/Controllers/NarutoController.php(14): CodeIgniter\BaseModel->findAll()
 3 SYSTEMPATH/CodeIgniter.php(934): App\Controllers\NarutoController->index()
 4 SYSTEMPATH/CodeIgniter.php(499): CodeIgniter\CodeIgniter->runController()
 5 SYSTEMPATH/CodeIgniter.php(368): CodeIgniter\CodeIgniter->handleRequest()
 6 FCPATH/index.php(67): CodeIgniter\CodeIgniter->run()
